<?xml version="1.0" encoding="UTF-8"?>
<!-- Generated by org.testng.reporters.JUnitXMLReporter -->
<testsuite ignored="0" hostname="HKs-Dell" failures="0" tests="4" name="TestB" time="41.952" errors="0" timestamp="2023-06-23T20:57:18 IST">
  <testcase classname="hariKrishna.Tests.Test2" name="loginFail" time="1.489"/>
  <testcase classname="hariKrishna.Tests.Test2" name="loginFail" time="1.497"/>
  <testcase classname="hariKrishna.Tests.Test2" name="loginFail" time="1.525"/>
  <testcase classname="hariKrishna.Tests.Test2" name="loginFail" time="1.602"/>
</testsuite> <!-- TestB -->
