<?xml version="1.0" encoding="UTF-8"?>
<!-- Generated by org.testng.reporters.JUnitXMLReporter -->
<testsuite ignored="0" hostname="HKs-Dell" failures="0" tests="4" name="TestB" time="42.662" errors="0" timestamp="2023-07-06T19:39:53 IST">
  <testcase classname="hariKrishna.Tests.Test2" name="loginFail" time="3.38"/>
  <testcase classname="hariKrishna.Tests.Test2" name="loginFail" time="1.789"/>
  <testcase classname="hariKrishna.Tests.Test2" name="loginFail" time="1.658"/>
  <testcase classname="hariKrishna.Tests.Test2" name="loginFail" time="1.671"/>
</testsuite> <!-- TestB -->
