<?xml version="1.0" encoding="UTF-8"?>
<testng-results ignored="0" total="1" passed="1" failed="0" skipped="0">
  <reporter-output>
  </reporter-output>
  <suite started-at="2023-07-06T20:35:39 IST" name="Suite" finished-at="2023-07-06T20:35:51 IST" duration-ms="12226">
    <groups>
    </groups>
    <test started-at="2023-07-06T20:35:39 IST" name="Test" finished-at="2023-07-06T20:35:51 IST" duration-ms="12226">
      <class name="hariKrishna.Grid.TestA">
        <test-method signature="loginFail()[pri:0, instance:hariKrishna.Grid.TestA@4d5b6aac]" started-at="2023-07-06T20:35:39 IST" name="loginFail" finished-at="2023-07-06T20:35:51 IST" duration-ms="12066" status="PASS">
          <reporter-output>
          </reporter-output>
        </test-method> <!-- loginFail -->
      </class> <!-- hariKrishna.Grid.TestA -->
    </test> <!-- Test -->
  </suite> <!-- Suite -->
</testng-results>
