<?xml version="1.0" encoding="UTF-8"?>
<testng-results ignored="0" total="1" passed="1" failed="0" skipped="0">
  <reporter-output>
  </reporter-output>
  <suite started-at="2023-07-06T20:25:20 IST" name="Default suite" finished-at="2023-07-06T20:25:31 IST" duration-ms="10652">
    <groups>
    </groups>
    <test started-at="2023-07-06T20:25:20 IST" name="Default test" finished-at="2023-07-06T20:25:31 IST" duration-ms="10652">
      <class name="hariKrishna.Grid.TestA">
        <test-method signature="loginFail()[pri:0, instance:hariKrishna.Grid.TestA@4738a206]" started-at="2023-07-06T20:25:20 IST" name="loginFail" finished-at="2023-07-06T20:25:31 IST" duration-ms="10482" status="PASS">
          <reporter-output>
          </reporter-output>
        </test-method> <!-- loginFail -->
      </class> <!-- hariKrishna.Grid.TestA -->
    </test> <!-- Default test -->
  </suite> <!-- Default suite -->
</testng-results>
